This file contains any messages produced by compilers while
running configure, to aid debugging if configure makes a mistake.

It was created by FULL-PACKAGE-NAME configure VERSION, which was
generated by GNU Autoconf 2.69.  Invocation command line was

  $ ./configure 

## --------- ##
## Platform. ##
## --------- ##

hostname = BonFun
uname -m = i686
uname -r = 1.0.19(0.48/3/2)
uname -s = MINGW32_NT-6.1
uname -v = 2016-07-13 17:45

/usr/bin/uname -p = unknown
/bin/uname -X     = unknown

/bin/arch              = unknown
/usr/bin/arch -k       = unknown
/usr/convex/getsysinfo = unknown
/usr/bin/hostinfo      = unknown
/bin/machine           = unknown
/usr/bin/oslevel       = unknown
/bin/universe          = unknown

PATH: .
PATH: /usr/local/bin
PATH: /mingw/bin
PATH: /bin
PATH: /c/Program Files/Common Files/Microsoft Shared/Windows Live
PATH: /c/Program Files/Java/jdk1.7.0_71/bin
PATH: /c/Users/bon/AppData/Local/Android/android-sdk/tools
PATH: /c/Users/bon/AppData/Local/Android/android-sdk/platform-tools
PATH: /c/Users/bon/apps/apache-ant-1.9.4/bin
PATH: /c/Windows/system32
PATH: /c/Windows
PATH: /c/Windows/System32/Wbem
PATH: /c/Program Files (x86)/ATI Technologies/ATI.ACE/Core-Static
PATH: /c/Program Files (x86)/GtkSharp/2.12/bin
PATH: /c/Program Files (x86)/Java/jdk1.6.0_39/bin
PATH: /c/Users/bon/appdata/local/android/android-sdk/tools
PATH: /c/Users/bon/appdata/local/android/android-sdk/platform-tools
PATH: /c/Users/bon/Apps/apache-ant-1.9.4/bin
PATH: /c/Windows/System32/WindowsPowerShell/v1.0/
PATH: /c/Program Files (x86)/Git/cmd
PATH: /c/Windows/System32/WindowsPowerShell/v1.0/
PATH: /c/Program Files (x86)/QuickTime/QTSystem/
PATH: /c/Program Files/Git/cmd
PATH: /c/Program Files/Common Files/Microsoft Shared/Windows Live
PATH: /c/Users/bon/.dnx/bin


## ----------- ##
## Core tests. ##
## ----------- ##

configure:2139: checking for gcc
configure:2155: found /mingw/bin/gcc
configure:2166: result: gcc
configure:2395: checking for C compiler version
configure:2404: gcc --version >&5
gcc.exe (GCC) 5.3.0
Copyright (C) 2015 Free Software Foundation, Inc.
This is free software; see the source for copying conditions.  There is NO
warranty; not even for MERCHANTABILITY or FITNESS FOR A PARTICULAR PURPOSE.

configure:2415: $? = 0
configure:2404: gcc -v >&5
Using built-in specs.
COLLECT_GCC=C:\MinGW\bin\gcc.exe
COLLECT_LTO_WRAPPER=c:/mingw/bin/../libexec/gcc/mingw32/5.3.0/lto-wrapper.exe
Target: mingw32
Configured with: ../src/gcc-5.3.0/configure --build=x86_64-pc-linux-gnu --host=mingw32 --prefix=/mingw --disable-win32-registry --target=mingw32 --with-arch=i586 --enable-languages=c,c++,objc,obj-c++,fortran,ada --enable-static --enable-shared --enable-threads --with-dwarf2 --disable-sjlj-exceptions --enable-version-specific-runtime-libs --with-libintl-prefix=/mingw --enable-libstdcxx-debug --with-tune=generic --enable-libgomp --disable-libvtv --enable-nls : (reconfigured) ../src/gcc-5.3.0/configure --build=x86_64-pc-linux-gnu --host=mingw32 --prefix=/mingw --disable-win32-registry --target=mingw32 --with-arch=i586 --enable-languages=c,c++,objc,obj-c++,fortran,ada --enable-static --enable-shared --enable-threads --with-dwarf2 --disable-sjlj-exceptions --enable-version-specific-runtime-libs --with-libiconv-prefix=/mingw --with-libintl-prefix=/mingw --enable-libstdcxx-debug --with-tune=generic --enable-libgomp --disable-libvtv --enable-nls
Thread model: win32
gcc version 5.3.0 (GCC) 
configure:2415: $? = 0
configure:2404: gcc -V >&5
gcc.exe: error: unrecognized command line option '-V'
gcc.exe: fatal error: no input files
compilation terminated.
configure:2415: $? = 1
configure:2404: gcc -qversion >&5
gcc.exe: error: unrecognized command line option '-qversion'
gcc.exe: fatal error: no input files
compilation terminated.
configure:2415: $? = 1
configure:2435: checking whether the C compiler works
configure:2457: gcc    conftest.c  >&5
configure:2461: $? = 0
configure:2509: result: yes
configure:2512: checking for C compiler default output file name
configure:2514: result: a.exe
configure:2520: checking for suffix of executables
configure:2527: gcc -o conftest.exe    conftest.c  >&5
configure:2531: $? = 0
configure:2553: result: .exe
configure:2575: checking whether we are cross compiling
configure:2583: gcc -o conftest.exe    conftest.c  >&5
configure:2587: $? = 0
configure:2594: ./conftest.exe
configure:2598: $? = 0
configure:2613: result: no
configure:2618: checking for suffix of object files
configure:2640: gcc -c   conftest.c >&5
configure:2644: $? = 0
configure:2665: result: o
configure:2669: checking whether we are using the GNU C compiler
configure:2688: gcc -c   conftest.c >&5
configure:2688: $? = 0
configure:2697: result: yes
configure:2706: checking whether gcc accepts -g
configure:2726: gcc -c -g  conftest.c >&5
configure:2726: $? = 0
configure:2767: result: yes
configure:2784: checking for gcc option to accept ISO C89
configure:2847: gcc  -c -g -O2  conftest.c >&5
configure:2847: $? = 0
configure:2860: result: none needed
configure:2890: checking how to run the C preprocessor
configure:2921: gcc -E  conftest.c
configure:2921: $? = 0
configure:2935: gcc -E  conftest.c
conftest.c:9:28: fatal error: ac_nonexistent.h: No such file or directory
compilation terminated.
configure:2935: $? = 1
configure: failed program was:
| /* confdefs.h */
| #define PACKAGE_NAME "FULL-PACKAGE-NAME"
| #define PACKAGE_TARNAME "full-package-name"
| #define PACKAGE_VERSION "VERSION"
| #define PACKAGE_STRING "FULL-PACKAGE-NAME VERSION"
| #define PACKAGE_BUGREPORT "BUG-REPORT-ADDRESS"
| #define PACKAGE_URL ""
| /* end confdefs.h.  */
| #include <ac_nonexistent.h>
configure:2960: result: gcc -E
configure:2980: gcc -E  conftest.c
configure:2980: $? = 0
configure:2994: gcc -E  conftest.c
conftest.c:9:28: fatal error: ac_nonexistent.h: No such file or directory
compilation terminated.
configure:2994: $? = 1
configure: failed program was:
| /* confdefs.h */
| #define PACKAGE_NAME "FULL-PACKAGE-NAME"
| #define PACKAGE_TARNAME "full-package-name"
| #define PACKAGE_VERSION "VERSION"
| #define PACKAGE_STRING "FULL-PACKAGE-NAME VERSION"
| #define PACKAGE_BUGREPORT "BUG-REPORT-ADDRESS"
| #define PACKAGE_URL ""
| /* end confdefs.h.  */
| #include <ac_nonexistent.h>
configure:3023: checking for grep that handles long lines and -e
configure:3081: result: /bin/grep
configure:3086: checking for egrep
configure:3148: result: /bin/grep -E
configure:3153: checking for ANSI C header files
configure:3173: gcc -c -g -O2  conftest.c >&5
configure:3173: $? = 0
configure:3246: gcc -o conftest.exe -g -O2   conftest.c  >&5
configure:3246: $? = 0
configure:3246: ./conftest.exe
configure:3246: $? = 0
configure:3257: result: yes
configure:3270: checking for sys/types.h
configure:3270: gcc -c -g -O2  conftest.c >&5
configure:3270: $? = 0
configure:3270: result: yes
configure:3270: checking for sys/stat.h
configure:3270: gcc -c -g -O2  conftest.c >&5
configure:3270: $? = 0
configure:3270: result: yes
configure:3270: checking for stdlib.h
configure:3270: gcc -c -g -O2  conftest.c >&5
configure:3270: $? = 0
configure:3270: result: yes
configure:3270: checking for string.h
configure:3270: gcc -c -g -O2  conftest.c >&5
configure:3270: $? = 0
configure:3270: result: yes
configure:3270: checking for memory.h
configure:3270: gcc -c -g -O2  conftest.c >&5
configure:3270: $? = 0
configure:3270: result: yes
configure:3270: checking for strings.h
configure:3270: gcc -c -g -O2  conftest.c >&5
configure:3270: $? = 0
configure:3270: result: yes
configure:3270: checking for inttypes.h
configure:3270: gcc -c -g -O2  conftest.c >&5
configure:3270: $? = 0
configure:3270: result: yes
configure:3270: checking for stdint.h
configure:3270: gcc -c -g -O2  conftest.c >&5
configure:3270: $? = 0
configure:3270: result: yes
configure:3270: checking for unistd.h
configure:3270: gcc -c -g -O2  conftest.c >&5
configure:3270: $? = 0
configure:3270: result: yes
configure:3285: checking for stdint.h
configure:3285: result: yes
configure:3285: checking for stdlib.h
configure:3285: result: yes
configure:3285: checking for string.h
configure:3285: result: yes
configure:3285: checking for unistd.h
configure:3285: result: yes
configure:3302: checking for stricmp
configure:3302: gcc -o conftest.exe -g -O2   conftest.c  >&5
configure:3302: $? = 0
configure:3302: result: yes
configure:3302: checking for strcasecmp
configure:3302: gcc -o conftest.exe -g -O2   conftest.c  >&5
conftest.c:47:6: warning: conflicting types for built-in function 'strcasecmp'
 char strcasecmp ();
      ^
configure:3302: $? = 0
configure:3302: result: yes
configure:3474: creating ./config.status

## ---------------------- ##
## Running config.status. ##
## ---------------------- ##

This file was extended by FULL-PACKAGE-NAME config.status VERSION, which was
generated by GNU Autoconf 2.69.  Invocation command line was

  CONFIG_FILES    = 
  CONFIG_HEADERS  = 
  CONFIG_LINKS    = 
  CONFIG_COMMANDS = 
  $ ./config.status 

on BonFun

config.status:725: creating Makefile

## ---------------- ##
## Cache variables. ##
## ---------------- ##

ac_cv_c_compiler_gnu=yes
ac_cv_env_CC_set=
ac_cv_env_CC_value=
ac_cv_env_CFLAGS_set=
ac_cv_env_CFLAGS_value=
ac_cv_env_CPPFLAGS_set=
ac_cv_env_CPPFLAGS_value=
ac_cv_env_CPP_set=
ac_cv_env_CPP_value=
ac_cv_env_LDFLAGS_set=
ac_cv_env_LDFLAGS_value=
ac_cv_env_LIBS_set=
ac_cv_env_LIBS_value=
ac_cv_env_build_alias_set=
ac_cv_env_build_alias_value=
ac_cv_env_host_alias_set=
ac_cv_env_host_alias_value=
ac_cv_env_target_alias_set=
ac_cv_env_target_alias_value=
ac_cv_exeext=.exe
ac_cv_func_strcasecmp=yes
ac_cv_func_stricmp=yes
ac_cv_header_inttypes_h=yes
ac_cv_header_memory_h=yes
ac_cv_header_stdc=yes
ac_cv_header_stdint_h=yes
ac_cv_header_stdlib_h=yes
ac_cv_header_string_h=yes
ac_cv_header_strings_h=yes
ac_cv_header_sys_stat_h=yes
ac_cv_header_sys_types_h=yes
ac_cv_header_unistd_h=yes
ac_cv_objext=o
ac_cv_path_EGREP='/bin/grep -E'
ac_cv_path_GREP=/bin/grep
ac_cv_prog_CPP='gcc -E'
ac_cv_prog_ac_ct_CC=gcc
ac_cv_prog_cc_c89=
ac_cv_prog_cc_g=yes

## ----------------- ##
## Output variables. ##
## ----------------- ##

CC='gcc'
CFLAGS='-g -O2'
CPP='gcc -E'
CPPFLAGS=''
DEFS='-DPACKAGE_NAME=\"FULL-PACKAGE-NAME\" -DPACKAGE_TARNAME=\"full-package-name\" -DPACKAGE_VERSION=\"VERSION\" -DPACKAGE_STRING=\"FULL-PACKAGE-NAME\ VERSION\" -DPACKAGE_BUGREPORT=\"BUG-REPORT-ADDRESS\" -DPACKAGE_URL=\"\" -DSTDC_HEADERS=1 -DHAVE_SYS_TYPES_H=1 -DHAVE_SYS_STAT_H=1 -DHAVE_STDLIB_H=1 -DHAVE_STRING_H=1 -DHAVE_MEMORY_H=1 -DHAVE_STRINGS_H=1 -DHAVE_INTTYPES_H=1 -DHAVE_STDINT_H=1 -DHAVE_UNISTD_H=1 -DHAVE_STDINT_H=1 -DHAVE_STDLIB_H=1 -DHAVE_STRING_H=1 -DHAVE_UNISTD_H=1 -DHAVE_STRICMP=1 -DHAVE_STRCASECMP=1 -Dconfigure_flags=1'
ECHO_C=''
ECHO_N='-n'
ECHO_T=''
EGREP='/bin/grep -E'
EXEEXT='.exe'
GREP='/bin/grep'
LDFLAGS=''
LIBOBJS=''
LIBS=''
LTLIBOBJS=''
OBJEXT='o'
PACKAGE_BUGREPORT='BUG-REPORT-ADDRESS'
PACKAGE_NAME='FULL-PACKAGE-NAME'
PACKAGE_STRING='FULL-PACKAGE-NAME VERSION'
PACKAGE_TARNAME='full-package-name'
PACKAGE_URL=''
PACKAGE_VERSION='VERSION'
PATH_SEPARATOR=':'
SHELL='/bin/sh'
ac_ct_CC='gcc'
bindir='${exec_prefix}/bin'
build_alias=''
configure_flags=''
datadir='${datarootdir}'
datarootdir='${prefix}/share'
docdir='${datarootdir}/doc/${PACKAGE_TARNAME}'
dvidir='${docdir}'
exec_prefix='${prefix}'
host_alias=''
htmldir='${docdir}'
includedir='${prefix}/include'
infodir='${datarootdir}/info'
libdir='${exec_prefix}/lib'
libexecdir='${exec_prefix}/libexec'
localedir='${datarootdir}/locale'
localstatedir='${prefix}/var'
mandir='${datarootdir}/man'
oldincludedir='/usr/include'
pdfdir='${docdir}'
prefix='/usr/local'
program_transform_name='s,x,x,'
psdir='${docdir}'
sbindir='${exec_prefix}/sbin'
sharedstatedir='${prefix}/com'
sysconfdir='${prefix}/etc'
target_alias=''

## ----------- ##
## confdefs.h. ##
## ----------- ##

/* confdefs.h */
#define PACKAGE_NAME "FULL-PACKAGE-NAME"
#define PACKAGE_TARNAME "full-package-name"
#define PACKAGE_VERSION "VERSION"
#define PACKAGE_STRING "FULL-PACKAGE-NAME VERSION"
#define PACKAGE_BUGREPORT "BUG-REPORT-ADDRESS"
#define PACKAGE_URL ""
#define STDC_HEADERS 1
#define HAVE_SYS_TYPES_H 1
#define HAVE_SYS_STAT_H 1
#define HAVE_STDLIB_H 1
#define HAVE_STRING_H 1
#define HAVE_MEMORY_H 1
#define HAVE_STRINGS_H 1
#define HAVE_INTTYPES_H 1
#define HAVE_STDINT_H 1
#define HAVE_UNISTD_H 1
#define HAVE_STDINT_H 1
#define HAVE_STDLIB_H 1
#define HAVE_STRING_H 1
#define HAVE_UNISTD_H 1
#define HAVE_STRICMP 1
#define HAVE_STRCASECMP 1
#define configure_flags 1

configure: exit 0
